<?xml version="1.0" encoding="UTF-8"?>
<!-- Generated by org.testng.reporters.JUnitXMLReporter -->
<testsuite ignored="0" hostname="Somashekars-iMac.local" failures="0" tests="3" name="Default test" time="53.18" errors="0" timestamp="2024-04-17T07:02:52 IST">
  <testcase classname="TestNgSessionsconcepts.com.DropDownConcept" name="titleOfThePage" time="0.768"/>
  <testcase classname="TestNgSessionsconcepts.com.DropDownConcept" name="currentUrlOfThePage" time="0.493"/>
  <testcase classname="TestNgSessionsconcepts.com.DropDownConcept" name="personalDetails" time="29.934"/>
</testsuite> <!-- Default test -->
