<?xml version="1.0" encoding="UTF-8"?>
<!-- Generated by org.testng.reporters.JUnitXMLReporter -->
<testsuite ignored="0" hostname="Somashekars-iMac.local" failures="0" tests="3" name="Default test" time="29.523" errors="0" timestamp="2024-04-16T06:55:29 IST">
  <testcase classname="TestNgSessionsconcepts.com.PriorityConcept" name="currentUrlOfThePage" time="0.031"/>
  <testcase classname="TestNgSessionsconcepts.com.PriorityConcept" name="titleOfThePage" time="0.018"/>
  <testcase classname="TestNgSessionsconcepts.com.PriorityConcept" name="doLogin" time="3.623"/>
</testsuite> <!-- Default test -->
